0 verbose cli /usr/local/Cellar/node@22/22.22.2_1/bin/node /usr/local/bin/npm
1 info using npm@10.9.7
2 info using node@v22.22.2
3 silly config load:file:/usr/local/Cellar/node@22/22.22.2_1/lib/node_modules/npm/npmrc
4 silly config load:file:/Users/xspark3/Desktop/XSpark/X_SPARK_WEB/.npmrc
5 silly config load:file:/Users/xspark3/.npmrc
6 silly config load:file:/usr/local/etc/npmrc
7 verbose title npm run dev
8 verbose argv "run" "dev"
9 verbose logfile logs-max:10 dir:/Users/xspark3/Desktop/XSpark/X_SPARK_WEB/.npm-cache/_logs/2026-04-24T18_16_58_488Z-
10 verbose logfile /Users/xspark3/Desktop/XSpark/X_SPARK_WEB/.npm-cache/_logs/2026-04-24T18_16_58_488Z-debug-0.log
11 silly logfile done cleaning log files
12 http fetch GET 200 https://registry.npmjs.org/npm 493ms
13 verbose cwd /Users/xspark3/Desktop/XSpark/X_SPARK_WEB
14 verbose os Darwin 23.6.0
15 verbose node v22.22.2
16 verbose npm  v10.9.7
17 notice
17 notice New [31mmajor[39m version of npm available! [31m10.9.7[39m -> [34m11.13.0[39m
17 notice Changelog: [34mhttps://github.com/npm/cli/releases/tag/v11.13.0[39m
17 notice To update run: [4mnpm install -g npm@11.13.0[24m
17 notice  { force: true, [Symbol(proc-log.meta)]: true }
18 verbose exit 0
19 info ok
